TN:
SF:src\middleware\auth.js
FN:21,authMiddleware
FNF:1
FNH:1
FNDA:8,authMiddleware
DA:1,1
DA:22,8
DA:23,8
DA:24,8
DA:27,8
DA:28,4
DA:29,4
DA:30,3
DA:31,1
DA:36,2
DA:37,2
DA:39,1
DA:46,4
DA:47,4
DA:50,6
DA:53,1
LF:16
LH:16
BRDA:22,0,0,8
BRDA:22,0,1,1
BRDA:23,1,0,8
BRDA:23,1,1,3
BRDA:24,2,0,8
BRDA:24,2,1,3
BRDA:27,3,0,4
BRDA:27,3,1,4
BRDA:27,4,0,8
BRDA:27,4,1,7
BRDA:27,4,2,5
BRDA:30,5,0,1
BRDA:30,5,1,2
BRF:13
BRH:13
end_of_record
TN:
SF:src\middleware\jailbreakDetector.js
FN:42,cleanupOldEntries
FN:46,(anonymous_1)
FN:54,getClientIp
FN:58,checkRateLimit
FN:65,(anonymous_4)
FN:71,checkLockout
FN:89,checkDbLockout
FN:109,recordViolation
FN:115,(anonymous_8)
FN:125,detectJailbreak
FN:136,extractAllText
FN:147,jailbreakDetector
FN:209,(anonymous_12)
FNF:13
FNH:10
FNDA:0,cleanupOldEntries
FNDA:0,(anonymous_1)
FNDA:16,getClientIp
FNDA:15,checkRateLimit
FNDA:10,(anonymous_4)
FNDA:16,checkLockout
FNDA:15,checkDbLockout
FNDA:12,recordViolation
FNDA:10,(anonymous_8)
FNDA:15,detectJailbreak
FNDA:45,extractAllText
FNDA:16,jailbreakDetector
FNDA:0,(anonymous_12)
DA:1,16
DA:8,16
DA:33,16
DA:34,16
DA:35,16
DA:36,16
DA:37,16
DA:38,16
DA:40,16
DA:43,0
DA:44,0
DA:45,0
DA:46,0
DA:47,0
DA:48,0
DA:55,16
DA:59,15
DA:60,15
DA:61,11
DA:62,11
DA:64,4
DA:65,10
DA:66,4
DA:67,4
DA:68,4
DA:72,16
DA:73,16
DA:74,5
DA:75,5
DA:76,1
DA:78,4
DA:79,0
DA:80,0
DA:82,4
DA:90,15
DA:91,15
DA:95,15
DA:97,0
DA:101,0
DA:106,15
DA:110,12
DA:111,12
DA:112,8
DA:114,4
DA:115,10
DA:116,4
DA:117,4
DA:118,1
DA:120,4
DA:122,12
DA:126,15
DA:127,15
DA:128,15
DA:129,157
DA:130,12
DA:133,3
DA:137,45
DA:138,45
DA:139,32
DA:140,30
DA:141,30
DA:142,30
DA:144,0
DA:148,16
DA:151,16
DA:152,16
DA:153,15
DA:155,16
DA:156,1
DA:157,1
DA:158,1
DA:166,15
DA:167,0
DA:173,15
DA:174,15
DA:175,15
DA:177,15
DA:178,15
DA:179,12
DA:180,12
DA:182,12
DA:183,12
DA:192,0
DA:195,12
DA:196,12
DA:206,3
DA:209,16
DA:210,0
DA:211,0
DA:214,16
DA:215,16
DA:216,16
LF:92
LH:77
BRDA:45,0,0,0
BRDA:45,0,1,0
BRDA:47,1,0,0
BRDA:47,1,1,0
BRDA:47,2,0,0
BRDA:47,2,1,0
BRDA:47,2,2,0
BRDA:55,3,0,16
BRDA:55,3,1,16
BRDA:55,3,2,0
BRDA:55,3,3,0
BRDA:60,4,0,11
BRDA:60,4,1,4
BRDA:73,5,0,11
BRDA:73,5,1,5
BRDA:75,6,0,1
BRDA:75,6,1,4
BRDA:75,7,0,5
BRDA:75,7,1,1
BRDA:78,8,0,0
BRDA:78,8,1,4
BRDA:78,9,0,4
BRDA:78,9,1,0
BRDA:95,10,0,0
BRDA:95,10,1,15
BRDA:95,11,0,15
BRDA:95,11,1,0
BRDA:95,11,2,0
BRDA:111,12,0,8
BRDA:111,12,1,4
BRDA:117,13,0,1
BRDA:117,13,1,3
BRDA:126,14,0,0
BRDA:126,14,1,15
BRDA:126,15,0,15
BRDA:126,15,1,15
BRDA:129,16,0,12
BRDA:129,16,1,145
BRDA:137,17,0,0
BRDA:137,17,1,45
BRDA:138,18,0,13
BRDA:138,18,1,32
BRDA:139,19,0,2
BRDA:139,19,1,30
BRDA:139,20,0,32
BRDA:139,20,1,30
BRDA:140,21,0,0
BRDA:140,21,1,30
BRDA:141,22,0,30
BRDA:141,22,1,0
BRDA:152,23,0,15
BRDA:152,23,1,1
BRDA:155,24,0,1
BRDA:155,24,1,15
BRDA:166,25,0,0
BRDA:166,25,1,15
BRDA:178,26,0,12
BRDA:178,26,1,3
BRDA:179,27,0,12
BRDA:179,27,1,12
BRDA:189,28,0,1
BRDA:189,28,1,11
BRDA:195,29,0,12
BRDA:195,29,1,1
BRDA:202,30,0,1
BRDA:202,30,1,11
BRF:66
BRH:47
end_of_record
TN:
SF:src\routes\admin.js
FN:16,(anonymous_0)
FN:73,(anonymous_1)
FN:124,(anonymous_2)
FN:157,(anonymous_3)
FN:217,(anonymous_4)
FN:282,(anonymous_5)
FN:319,(anonymous_6)
FN:355,(anonymous_7)
FN:368,(anonymous_8)
FN:389,(anonymous_9)
FN:397,(anonymous_10)
FN:413,(anonymous_11)
FN:423,(anonymous_12)
FN:424,(anonymous_13)
FN:425,(anonymous_14)
FN:435,(anonymous_15)
FNF:16
FNH:0
FNDA:0,(anonymous_0)
FNDA:0,(anonymous_1)
FNDA:0,(anonymous_2)
FNDA:0,(anonymous_3)
FNDA:0,(anonymous_4)
FNDA:0,(anonymous_5)
FNDA:0,(anonymous_6)
FNDA:0,(anonymous_7)
FNDA:0,(anonymous_8)
FNDA:0,(anonymous_9)
FNDA:0,(anonymous_10)
FNDA:0,(anonymous_11)
FNDA:0,(anonymous_12)
FNDA:0,(anonymous_13)
FNDA:0,(anonymous_14)
FNDA:0,(anonymous_15)
DA:1,0
DA:2,0
DA:3,0
DA:4,0
DA:5,0
DA:7,0
DA:16,0
DA:17,0
DA:18,0
DA:20,0
DA:21,0
DA:27,0
DA:31,0
DA:32,0
DA:38,0
DA:46,0
DA:53,0
DA:67,0
DA:68,0
DA:73,0
DA:74,0
DA:75,0
DA:77,0
DA:78,0
DA:84,0
DA:94,0
DA:102,0
DA:118,0
DA:119,0
DA:124,0
DA:125,0
DA:126,0
DA:127,0
DA:129,0
DA:130,0
DA:136,0
DA:140,0
DA:141,0
DA:147,0
DA:148,0
DA:154,0
DA:155,0
DA:157,0
DA:158,0
DA:164,0
DA:169,0
DA:170,0
DA:172,0
DA:173,0
DA:179,0
DA:185,0
DA:194,0
DA:211,0
DA:212,0
DA:217,0
DA:218,0
DA:219,0
DA:221,0
DA:222,0
DA:228,0
DA:229,0
DA:235,0
DA:236,0
DA:237,0
DA:239,0
DA:252,0
DA:254,0
DA:261,0
DA:276,0
DA:277,0
DA:282,0
DA:283,0
DA:284,0
DA:285,0
DA:291,0
DA:292,0
DA:298,0
DA:302,0
DA:303,0
DA:309,0
DA:310,0
DA:311,0
DA:319,0
DA:324,0
DA:325,0
DA:326,0
DA:327,0
DA:329,0
DA:334,0
DA:339,0
DA:349,0
DA:350,0
DA:355,0
DA:356,0
DA:357,0
DA:358,0
DA:359,0
DA:361,0
DA:366,0
DA:368,0
DA:383,0
DA:384,0
DA:389,0
DA:390,0
DA:391,0
DA:395,0
DA:397,0
DA:407,0
DA:408,0
DA:413,0
DA:414,0
DA:415,0
DA:416,0
DA:417,0
DA:419,0
DA:423,0
DA:424,0
DA:425,0
DA:429,0
DA:430,0
DA:435,0
DA:436,0
DA:437,0
DA:438,0
DA:440,0
DA:464,0
DA:465,0
DA:469,0
DA:470,0
LF:129
LH:0
BRDA:20,0,0,0
BRDA:20,0,1,0
BRDA:20,1,0,0
BRDA:20,1,1,0
BRDA:31,2,0,0
BRDA:31,2,1,0
BRDA:77,3,0,0
BRDA:77,3,1,0
BRDA:77,4,0,0
BRDA:77,4,1,0
BRDA:87,5,0,0
BRDA:87,5,1,0
BRDA:108,6,0,0
BRDA:108,6,1,0
BRDA:129,7,0,0
BRDA:129,7,1,0
BRDA:140,8,0,0
BRDA:140,8,1,0
BRDA:147,9,0,0
BRDA:147,9,1,0
BRDA:154,10,0,0
BRDA:154,10,1,0
BRDA:157,11,0,0
BRDA:157,11,1,0
BRDA:169,12,0,0
BRDA:169,12,1,0
BRDA:170,13,0,0
BRDA:170,13,1,0
BRDA:172,14,0,0
BRDA:172,14,1,0
BRDA:191,15,0,0
BRDA:191,15,1,0
BRDA:203,16,0,0
BRDA:203,16,1,0
BRDA:205,17,0,0
BRDA:205,17,1,0
BRDA:221,18,0,0
BRDA:221,18,1,0
BRDA:228,19,0,0
BRDA:228,19,1,0
BRDA:284,20,0,0
BRDA:284,20,1,0
BRDA:291,21,0,0
BRDA:291,21,1,0
BRDA:302,22,0,0
BRDA:302,22,1,0
BRDA:309,23,0,0
BRDA:309,23,1,0
BRDA:310,24,0,0
BRDA:310,24,1,0
BRDA:359,25,0,0
BRDA:359,25,1,0
BRDA:374,26,0,0
BRDA:374,26,1,0
BRDA:423,27,0,0
BRDA:423,27,1,0
BRDA:424,28,0,0
BRDA:424,28,1,0
BRDA:425,29,0,0
BRDA:425,29,1,0
BRDA:443,30,0,0
BRDA:443,30,1,0
BRF:62
BRH:0
end_of_record
TN:
SF:src\routes\conversion.js
FN:15,(anonymous_0)
FN:46,(anonymous_1)
FN:78,(anonymous_2)
FN:80,(anonymous_3)
FNF:4
FNH:4
FNDA:11,(anonymous_0)
FNDA:384,(anonymous_1)
FNDA:8,(anonymous_2)
FNDA:40,(anonymous_3)
DA:1,1
DA:2,1
DA:4,1
DA:12,1
DA:15,1
DA:16,11
DA:17,11
DA:19,11
DA:20,3
DA:26,8
DA:27,8
DA:28,1
DA:34,7
DA:35,7
DA:36,7
DA:37,1
DA:43,6
DA:44,6
DA:46,384
DA:48,6
DA:72,0
DA:73,0
DA:78,1
DA:79,8
DA:80,40
DA:93,8
DA:104,0
DA:105,0
DA:109,1
LF:29
LH:25
BRDA:19,0,0,3
BRDA:19,0,1,8
BRDA:19,1,0,11
BRDA:19,1,1,9
BRDA:27,2,0,1
BRDA:27,2,1,7
BRDA:27,3,0,8
BRDA:27,3,1,8
BRDA:36,4,0,1
BRDA:36,4,1,6
BRF:10
BRH:10
end_of_record
TN:
SF:src\routes\events.js
FN:8,(anonymous_0)
FN:29,(anonymous_1)
FN:53,(anonymous_2)
FN:98,(anonymous_3)
FN:107,(anonymous_4)
FN:115,(anonymous_5)
FN:123,(anonymous_6)
FN:131,(anonymous_7)
FN:139,(anonymous_8)
FN:147,(anonymous_9)
FN:170,(anonymous_10)
FNF:11
FNH:0
FNDA:0,(anonymous_0)
FNDA:0,(anonymous_1)
FNDA:0,(anonymous_2)
FNDA:0,(anonymous_3)
FNDA:0,(anonymous_4)
FNDA:0,(anonymous_5)
FNDA:0,(anonymous_6)
FNDA:0,(anonymous_7)
FNDA:0,(anonymous_8)
FNDA:0,(anonymous_9)
FNDA:0,(anonymous_10)
DA:1,0
DA:2,0
DA:3,0
DA:4,0
DA:5,0
DA:8,0
DA:9,0
DA:10,0
DA:12,0
DA:13,0
DA:14,0
DA:15,0
DA:17,0
DA:18,0
DA:20,0
DA:27,0
DA:29,0
DA:47,0
DA:48,0
DA:53,0
DA:54,0
DA:55,0
DA:57,0
DA:58,0
DA:59,0
DA:62,0
DA:68,0
DA:69,0
DA:70,0
DA:73,0
DA:77,0
DA:92,0
DA:93,0
DA:98,0
DA:99,0
DA:100,0
DA:107,0
DA:115,0
DA:123,0
DA:131,0
DA:139,0
DA:147,0
DA:151,0
DA:152,0
DA:153,0
DA:163,0
DA:166,0
DA:170,0
DA:181,0
DA:182,0
DA:186,0
LF:51
LH:0
BRDA:13,0,0,0
BRDA:13,0,1,0
BRDA:14,1,0,0
BRDA:14,1,1,0
BRDA:15,2,0,0
BRDA:15,2,1,0
BRDA:17,3,0,0
BRDA:17,3,1,0
BRDA:18,4,0,0
BRDA:18,4,1,0
BRDA:83,5,0,0
BRDA:83,5,1,0
BRF:12
BRH:0
end_of_record
TN:
SF:src\routes\frog.js
FN:7,calculateFrogScore
FN:20,getInterpretation
FN:29,seedFrogHistory
FN:61,(anonymous_3)
FN:79,(anonymous_4)
FN:86,(anonymous_5)
FN:110,(anonymous_6)
FN:164,(anonymous_7)
FN:175,(anonymous_8)
FN:193,(anonymous_9)
FN:205,(anonymous_10)
FN:208,(anonymous_11)
FN:211,(anonymous_12)
FN:249,(anonymous_13)
FNF:14
FNH:0
FNDA:0,calculateFrogScore
FNDA:0,getInterpretation
FNDA:0,seedFrogHistory
FNDA:0,(anonymous_3)
FNDA:0,(anonymous_4)
FNDA:0,(anonymous_5)
FNDA:0,(anonymous_6)
FNDA:0,(anonymous_7)
FNDA:0,(anonymous_8)
FNDA:0,(anonymous_9)
FNDA:0,(anonymous_10)
FNDA:0,(anonymous_11)
FNDA:0,(anonymous_12)
FNDA:0,(anonymous_13)
DA:1,0
DA:2,0
DA:3,0
DA:4,0
DA:5,0
DA:8,0
DA:9,0
DA:10,0
DA:12,0
DA:13,0
DA:14,0
DA:16,0
DA:17,0
DA:21,0
DA:22,0
DA:23,0
DA:24,0
DA:25,0
DA:26,0
DA:30,0
DA:31,0
DA:33,0
DA:34,0
DA:35,0
DA:37,0
DA:38,0
DA:39,0
DA:40,0
DA:41,0
DA:42,0
DA:44,0
DA:56,0
DA:57,0
DA:61,0
DA:62,0
DA:63,0
DA:65,0
DA:69,0
DA:74,0
DA:75,0
DA:76,0
DA:77,0
DA:79,0
DA:86,0
DA:92,0
DA:104,0
DA:105,0
DA:110,0
DA:111,0
DA:112,0
DA:114,0
DA:118,0
DA:119,0
DA:136,0
DA:137,0
DA:138,0
DA:140,0
DA:158,0
DA:159,0
DA:164,0
DA:165,0
DA:166,0
DA:168,0
DA:173,0
DA:175,0
DA:187,0
DA:188,0
DA:193,0
DA:194,0
DA:195,0
DA:199,0
DA:204,0
DA:205,0
DA:207,0
DA:208,0
DA:210,0
DA:211,0
DA:214,0
DA:243,0
DA:244,0
DA:249,0
DA:250,0
DA:251,0
DA:253,0
DA:254,0
DA:255,0
DA:257,0
DA:258,0
DA:260,0
DA:269,0
DA:279,0
DA:298,0
DA:299,0
DA:303,0
DA:304,0
LF:95
LH:0
BRDA:8,0,0,0
BRDA:8,0,1,0
BRDA:9,1,0,0
BRDA:9,1,1,0
BRDA:10,2,0,0
BRDA:10,2,1,0
BRDA:21,3,0,0
BRDA:21,3,1,0
BRDA:22,4,0,0
BRDA:22,4,1,0
BRDA:23,5,0,0
BRDA:23,5,1,0
BRDA:24,6,0,0
BRDA:24,6,1,0
BRDA:25,7,0,0
BRDA:25,7,1,0
BRDA:31,8,0,0
BRDA:31,8,1,0
BRDA:74,9,0,0
BRDA:74,9,1,0
BRDA:75,10,0,0
BRDA:75,10,1,0
BRDA:76,11,0,0
BRDA:76,11,1,0
BRDA:77,12,0,0
BRDA:77,12,1,0
BRDA:96,13,0,0
BRDA:96,13,1,0
BRDA:97,14,0,0
BRDA:97,14,1,0
BRDA:98,15,0,0
BRDA:98,15,1,0
BRDA:118,16,0,0
BRDA:118,16,1,0
BRDA:204,17,0,0
BRDA:204,17,1,0
BRDA:207,18,0,0
BRDA:207,18,1,0
BRDA:210,19,0,0
BRDA:210,19,1,0
BRDA:217,20,0,0
BRDA:217,20,1,0
BRDA:228,21,0,0
BRDA:228,21,1,0
BRDA:229,22,0,0
BRDA:229,22,1,0
BRDA:253,23,0,0
BRDA:253,23,1,0
BRDA:254,24,0,0
BRDA:254,24,1,0
BRDA:255,25,0,0
BRDA:255,25,1,0
BRF:52
BRH:0
end_of_record
TN:
SF:src\routes\funding.js
FN:21,getNextDeductionTime
FN:34,(anonymous_1)
FN:56,(anonymous_2)
FN:90,(anonymous_3)
FN:98,(anonymous_4)
FN:113,(anonymous_5)
FN:123,(anonymous_6)
FN:129,(anonymous_7)
FN:147,(anonymous_8)
FNF:9
FNH:9
FNDA:15,getNextDeductionTime
FNDA:2,(anonymous_1)
FNDA:7,(anonymous_2)
FNDA:3,(anonymous_3)
FNDA:24,(anonymous_4)
FNDA:3,(anonymous_5)
FNDA:2,(anonymous_6)
FNDA:2,(anonymous_7)
FNDA:7,(anonymous_8)
DA:1,1
DA:2,1
DA:3,1
DA:4,1
DA:5,1
DA:7,1
DA:18,1
DA:19,1
DA:22,15
DA:23,15
DA:24,15
DA:34,1
DA:35,2
DA:36,2
DA:37,2
DA:51,0
DA:56,1
DA:57,7
DA:58,7
DA:59,7
DA:61,7
DA:62,7
DA:63,1
DA:69,6
DA:71,6
DA:84,0
DA:85,0
DA:90,1
DA:91,3
DA:92,3
DA:94,3
DA:98,24
DA:107,0
DA:108,0
DA:113,1
DA:114,3
DA:115,3
DA:117,3
DA:123,2
DA:125,2
DA:129,2
DA:141,1
DA:142,1
DA:147,1
DA:148,7
DA:149,7
DA:152,7
DA:153,4
DA:156,4
DA:157,3
DA:158,2
DA:161,2
DA:162,1
DA:164,1
DA:168,1
DA:174,5
DA:175,1
DA:181,4
DA:183,4
DA:184,4
DA:185,4
DA:186,4
DA:187,4
DA:188,4
DA:189,4
DA:191,4
DA:192,1
DA:193,1
DA:201,1
DA:204,3
DA:206,3
DA:214,3
DA:226,4
DA:228,4
DA:234,4
DA:243,0
DA:244,0
DA:248,1
LF:78
LH:71
BRDA:62,0,0,1
BRDA:62,0,1,6
BRDA:152,1,0,4
BRDA:152,1,1,3
BRDA:156,2,0,3
BRDA:156,2,1,1
BRDA:157,3,0,2
BRDA:157,3,1,1
BRDA:161,4,0,1
BRDA:161,4,1,1
BRDA:174,5,0,1
BRDA:174,5,1,4
BRDA:185,6,0,4
BRDA:185,6,1,0
BRDA:191,7,0,1
BRDA:191,7,1,3
BRF:16
BRH:15
end_of_record
TN:
SF:src\routes\kyc.js
FN:7,(anonymous_0)
FN:81,(anonymous_1)
FN:121,(anonymous_2)
FN:157,(anonymous_3)
FNF:4
FNH:4
FNDA:9,(anonymous_0)
FNDA:3,(anonymous_1)
FNDA:3,(anonymous_2)
FNDA:7,(anonymous_3)
DA:1,1
DA:2,1
DA:3,1
DA:4,1
DA:7,1
DA:8,9
DA:9,9
DA:11,9
DA:12,4
DA:18,5
DA:27,4
DA:31,4
DA:32,2
DA:33,1
DA:38,1
DA:39,1
DA:46,2
DA:60,2
DA:75,1
DA:76,1
DA:81,1
DA:82,3
DA:83,3
DA:85,3
DA:90,2
DA:91,1
DA:97,1
DA:102,1
DA:115,1
DA:116,1
DA:121,1
DA:122,3
DA:123,3
DA:124,3
DA:126,3
DA:131,3
DA:132,1
DA:138,2
DA:140,2
DA:151,0
DA:152,0
DA:157,1
DA:158,7
DA:159,7
DA:161,7
DA:166,6
DA:167,1
DA:178,5
DA:200,1
DA:201,1
DA:205,1
LF:51
LH:49
BRDA:11,0,0,4
BRDA:11,0,1,5
BRDA:11,1,0,9
BRDA:11,1,1,8
BRDA:11,1,2,7
BRDA:11,1,3,6
BRDA:31,2,0,2
BRDA:31,2,1,2
BRDA:32,3,0,1
BRDA:32,3,1,1
BRDA:38,4,0,1
BRDA:38,4,1,0
BRDA:52,5,0,2
BRDA:52,5,1,2
BRDA:55,6,0,2
BRDA:55,6,1,1
BRDA:69,7,0,1
BRDA:69,7,1,1
BRDA:90,8,0,1
BRDA:90,8,1,1
BRDA:131,9,0,1
BRDA:131,9,1,2
BRDA:146,10,0,2
BRDA:146,10,1,1
BRDA:166,11,0,1
BRDA:166,11,1,5
BRDA:187,12,0,3
BRDA:187,12,1,2
BRDA:189,13,0,3
BRDA:189,13,1,2
BRF:30
BRH:29
end_of_record
TN:
SF:src\routes\lending.js
FN:23,(anonymous_0)
FN:98,(anonymous_1)
FN:164,(anonymous_2)
FN:247,(anonymous_3)
FN:341,(anonymous_4)
FN:417,(anonymous_5)
FN:453,(anonymous_6)
FN:454,(anonymous_7)
FN:456,(anonymous_8)
FN:456,(anonymous_9)
FN:457,(anonymous_10)
FN:457,(anonymous_11)
FN:458,(anonymous_12)
FN:464,(anonymous_13)
FN:472,(anonymous_14)
FN:480,(anonymous_15)
FN:495,(anonymous_16)
FN:496,(anonymous_17)
FN:497,(anonymous_18)
FNF:19
FNH:0
FNDA:0,(anonymous_0)
FNDA:0,(anonymous_1)
FNDA:0,(anonymous_2)
FNDA:0,(anonymous_3)
FNDA:0,(anonymous_4)
FNDA:0,(anonymous_5)
FNDA:0,(anonymous_6)
FNDA:0,(anonymous_7)
FNDA:0,(anonymous_8)
FNDA:0,(anonymous_9)
FNDA:0,(anonymous_10)
FNDA:0,(anonymous_11)
FNDA:0,(anonymous_12)
FNDA:0,(anonymous_13)
FNDA:0,(anonymous_14)
FNDA:0,(anonymous_15)
FNDA:0,(anonymous_16)
FNDA:0,(anonymous_17)
FNDA:0,(anonymous_18)
DA:1,0
DA:2,0
DA:3,0
DA:4,0
DA:6,0
DA:14,0
DA:23,0
DA:24,0
DA:25,0
DA:27,0
DA:28,0
DA:34,0
DA:35,0
DA:36,0
DA:42,0
DA:51,0
DA:61,0
DA:62,0
DA:64,0
DA:65,0
DA:67,0
DA:92,0
DA:93,0
DA:98,0
DA:99,0
DA:100,0
DA:102,0
DA:103,0
DA:109,0
DA:113,0
DA:114,0
DA:117,0
DA:121,0
DA:122,0
DA:128,0
DA:129,0
DA:130,0
DA:131,0
DA:133,0
DA:138,0
DA:139,0
DA:143,0
DA:158,0
DA:159,0
DA:164,0
DA:165,0
DA:166,0
DA:168,0
DA:169,0
DA:175,0
DA:176,0
DA:177,0
DA:183,0
DA:184,0
DA:185,0
DA:191,0
DA:200,0
DA:202,0
DA:212,0
DA:213,0
DA:215,0
DA:241,0
DA:242,0
DA:247,0
DA:248,0
DA:249,0
DA:251,0
DA:252,0
DA:258,0
DA:259,0
DA:260,0
DA:261,0
DA:267,0
DA:268,0
DA:269,0
DA:275,0
DA:284,0
DA:286,0
DA:296,0
DA:308,0
DA:335,0
DA:336,0
DA:341,0
DA:342,0
DA:343,0
DA:345,0
DA:346,0
DA:352,0
DA:356,0
DA:357,0
DA:360,0
DA:364,0
DA:365,0
DA:371,0
DA:372,0
DA:373,0
DA:374,0
DA:375,0
DA:377,0
DA:383,0
DA:384,0
DA:385,0
DA:386,0
DA:390,0
DA:391,0
DA:393,0
DA:411,0
DA:412,0
DA:417,0
DA:418,0
DA:419,0
DA:421,0
DA:425,0
DA:426,0
DA:443,0
DA:448,0
DA:453,0
DA:454,0
DA:456,0
DA:457,0
DA:458,0
DA:460,0
DA:464,0
DA:472,0
DA:480,0
DA:495,0
DA:496,0
DA:497,0
DA:509,0
DA:510,0
DA:514,0
LF:131
LH:0
BRDA:27,0,0,0
BRDA:27,0,1,0
BRDA:27,1,0,0
BRDA:27,1,1,0
BRDA:35,2,0,0
BRDA:35,2,1,0
BRDA:35,3,0,0
BRDA:35,3,1,0
BRDA:74,4,0,0
BRDA:74,4,1,0
BRDA:102,5,0,0
BRDA:102,5,1,0
BRDA:102,6,0,0
BRDA:102,6,1,0
BRDA:113,7,0,0
BRDA:113,7,1,0
BRDA:121,8,0,0
BRDA:121,8,1,0
BRDA:139,9,0,0
BRDA:139,9,1,0
BRDA:168,10,0,0
BRDA:168,10,1,0
BRDA:168,11,0,0
BRDA:168,11,1,0
BRDA:176,12,0,0
BRDA:176,12,1,0
BRDA:176,13,0,0
BRDA:176,13,1,0
BRDA:184,14,0,0
BRDA:184,14,1,0
BRDA:222,15,0,0
BRDA:222,15,1,0
BRDA:251,16,0,0
BRDA:251,16,1,0
BRDA:251,17,0,0
BRDA:251,17,1,0
BRDA:251,17,2,0
BRDA:260,18,0,0
BRDA:260,18,1,0
BRDA:268,19,0,0
BRDA:268,19,1,0
BRDA:268,20,0,0
BRDA:268,20,1,0
BRDA:345,21,0,0
BRDA:345,21,1,0
BRDA:345,22,0,0
BRDA:345,22,1,0
BRDA:356,23,0,0
BRDA:356,23,1,0
BRDA:364,24,0,0
BRDA:364,24,1,0
BRDA:372,25,0,0
BRDA:372,25,1,0
BRDA:383,26,0,0
BRDA:383,26,1,0
BRDA:385,27,0,0
BRDA:385,27,1,0
BRDA:407,28,0,0
BRDA:407,28,1,0
BRDA:425,29,0,0
BRDA:425,29,1,0
BRF:61
BRH:0
end_of_record
TN:
SF:src\routes\leverage.js
FN:18,calculateLiquidationPrice
FN:24,generateTxHash
FN:25,(anonymous_2)
FN:29,(anonymous_3)
FN:138,(anonymous_4)
FN:168,(anonymous_5)
FN:195,(anonymous_6)
FN:196,(anonymous_7)
FN:197,(anonymous_8)
FN:207,(anonymous_9)
FN:273,(anonymous_10)
FNF:11
FNH:0
FNDA:0,calculateLiquidationPrice
FNDA:0,generateTxHash
FNDA:0,(anonymous_2)
FNDA:0,(anonymous_3)
FNDA:0,(anonymous_4)
FNDA:0,(anonymous_5)
FNDA:0,(anonymous_6)
FNDA:0,(anonymous_7)
FNDA:0,(anonymous_8)
FNDA:0,(anonymous_9)
FNDA:0,(anonymous_10)
DA:1,0
DA:2,0
DA:3,0
DA:4,0
DA:5,0
DA:7,0
DA:19,0
DA:20,0
DA:21,0
DA:25,0
DA:29,0
DA:30,0
DA:31,0
DA:33,0
DA:34,0
DA:40,0
DA:41,0
DA:43,0
DA:44,0
DA:50,0
DA:51,0
DA:57,0
DA:58,0
DA:59,0
DA:60,0
DA:66,0
DA:75,0
DA:76,0
DA:77,0
DA:78,0
DA:80,0
DA:96,0
DA:98,0
DA:108,0
DA:132,0
DA:133,0
DA:138,0
DA:139,0
DA:140,0
DA:141,0
DA:143,0
DA:147,0
DA:148,0
DA:156,0
DA:157,0
DA:158,0
DA:161,0
DA:166,0
DA:169,0
DA:170,0
DA:171,0
DA:172,0
DA:173,0
DA:175,0
DA:195,0
DA:196,0
DA:197,0
DA:201,0
DA:202,0
DA:207,0
DA:208,0
DA:209,0
DA:211,0
DA:215,0
DA:216,0
DA:222,0
DA:223,0
DA:229,0
DA:230,0
DA:231,0
DA:232,0
DA:233,0
DA:235,0
DA:237,0
DA:239,0
DA:247,0
DA:267,0
DA:268,0
DA:273,0
DA:274,0
DA:275,0
DA:276,0
DA:278,0
DA:282,0
DA:283,0
DA:289,0
DA:290,0
DA:296,0
DA:299,0
DA:300,0
DA:301,0
DA:302,0
DA:303,0
DA:305,0
DA:308,0
DA:309,0
DA:311,0
DA:312,0
DA:313,0
DA:314,0
DA:315,0
DA:319,0
DA:324,0
DA:325,0
DA:326,0
DA:327,0
DA:328,0
DA:329,0
DA:332,0
DA:334,0
DA:335,0
DA:336,0
DA:337,0
DA:339,0
DA:349,0
DA:379,0
DA:380,0
DA:384,0
LF:118
LH:0
BRDA:33,0,0,0
BRDA:33,0,1,0
BRDA:33,1,0,0
BRDA:33,1,1,0
BRDA:33,1,2,0
BRDA:43,2,0,0
BRDA:43,2,1,0
BRDA:43,3,0,0
BRDA:43,3,1,0
BRDA:43,3,2,0
BRDA:50,4,0,0
BRDA:50,4,1,0
BRDA:50,5,0,0
BRDA:50,5,1,0
BRDA:57,6,0,0
BRDA:57,6,1,0
BRDA:59,7,0,0
BRDA:59,7,1,0
BRDA:77,8,0,0
BRDA:77,8,1,0
BRDA:78,9,0,0
BRDA:78,9,1,0
BRDA:96,10,0,0
BRDA:96,10,1,0
BRDA:126,11,0,0
BRDA:126,11,1,0
BRDA:147,12,0,0
BRDA:147,12,1,0
BRDA:157,13,0,0
BRDA:157,13,1,0
BRDA:215,14,0,0
BRDA:215,14,1,0
BRDA:222,15,0,0
BRDA:222,15,1,0
BRDA:282,16,0,0
BRDA:282,16,1,0
BRDA:289,17,0,0
BRDA:289,17,1,0
BRDA:299,18,0,0
BRDA:299,18,1,0
BRDA:301,19,0,0
BRDA:301,19,1,0
BRDA:312,20,0,0
BRDA:312,20,1,0
BRDA:312,21,0,0
BRDA:312,21,1,0
BRDA:314,22,0,0
BRDA:314,22,1,0
BRDA:324,23,0,0
BRDA:324,23,1,0
BRDA:324,24,0,0
BRDA:324,24,1,0
BRDA:326,25,0,0
BRDA:326,25,1,0
BRDA:326,26,0,0
BRDA:326,26,1,0
BRDA:346,27,0,0
BRDA:346,27,1,0
BRDA:369,28,0,0
BRDA:369,28,1,0
BRDA:370,29,0,0
BRDA:370,29,1,0
BRDA:372,30,0,0
BRDA:372,30,1,0
BRDA:372,31,0,0
BRDA:372,31,1,0
BRF:66
BRH:0
end_of_record
TN:
SF:src\routes\oracle.js
FN:21,generateRealisticPrice
FN:28,generateFeedId
FN:32,seedOraclePrices
FN:68,updateAllPrices
FN:84,getAggregatedPrices
FN:112,(anonymous_5)
FN:113,(anonymous_6)
FN:114,(anonymous_7)
FN:127,calculateTWAP
FN:129,(anonymous_9)
FN:134,(anonymous_10)
FN:150,(anonymous_11)
FN:167,(anonymous_12)
FN:167,(anonymous_13)
FN:168,(anonymous_14)
FN:170,(anonymous_15)
FN:182,(anonymous_16)
FN:202,(anonymous_17)
FN:221,(anonymous_18)
FN:282,(anonymous_19)
FN:298,(anonymous_20)
FN:340,startPriceUpdates
FN:346,stopPriceUpdates
FNF:23
FNH:17
FNDA:0,generateRealisticPrice
FNDA:0,generateFeedId
FNDA:0,seedOraclePrices
FNDA:0,updateAllPrices
FNDA:3,getAggregatedPrices
FNDA:9,(anonymous_5)
FNDA:9,(anonymous_6)
FNDA:6,(anonymous_7)
FNDA:12,calculateTWAP
FNDA:92,(anonymous_9)
FNDA:3,(anonymous_10)
FNDA:7,(anonymous_11)
FNDA:15,(anonymous_12)
FNDA:15,(anonymous_13)
FNDA:15,(anonymous_14)
FNDA:9,(anonymous_15)
FNDA:15,(anonymous_16)
FNDA:3,(anonymous_17)
FNDA:5,(anonymous_18)
FNDA:4,(anonymous_19)
FNDA:5,(anonymous_20)
FNDA:0,startPriceUpdates
FNDA:0,stopPriceUpdates
DA:1,1
DA:2,1
DA:3,1
DA:4,1
DA:5,1
DA:7,1
DA:18,1
DA:19,1
DA:22,0
DA:23,0
DA:24,0
DA:25,0
DA:29,0
DA:33,0
DA:34,0
DA:35,0
DA:36,0
DA:37,0
DA:38,0
DA:41,0
DA:42,0
DA:44,0
DA:45,0
DA:46,0
DA:47,0
DA:48,0
DA:61,0
DA:62,0
DA:64,0
DA:69,0
DA:70,0
DA:71,0
DA:72,0
DA:73,0
DA:74,0
DA:77,0
DA:78,0
DA:80,0
DA:85,3
DA:89,2
DA:90,2
DA:91,9
DA:92,3
DA:100,9
DA:107,9
DA:110,2
DA:111,3
DA:112,9
DA:113,9
DA:114,6
DA:116,3
DA:117,3
DA:118,3
DA:124,2
DA:128,12
DA:129,92
DA:130,12
DA:134,1
DA:135,3
DA:136,3
DA:137,2
DA:144,1
DA:145,1
DA:150,1
DA:151,7
DA:152,7
DA:153,7
DA:155,7
DA:160,7
DA:161,1
DA:167,15
DA:168,15
DA:170,9
DA:171,6
DA:172,6
DA:176,6
DA:182,15
DA:196,0
DA:197,0
DA:202,1
DA:203,3
DA:204,3
DA:209,2
DA:215,1
DA:216,1
DA:221,1
DA:222,5
DA:223,5
DA:224,5
DA:226,5
DA:231,5
DA:232,1
DA:238,4
DA:239,4
DA:240,4
DA:242,4
DA:244,4
DA:253,4
DA:263,4
DA:276,0
DA:277,0
DA:282,1
DA:283,4
DA:284,4
DA:285,4
DA:287,4
DA:291,4
DA:292,1
DA:298,5
DA:299,3
DA:301,3
DA:302,5
DA:305,3
DA:306,3
DA:307,3
DA:308,72
DA:309,72
DA:311,3
DA:313,3
DA:320,3
DA:333,0
DA:334,0
DA:338,1
DA:341,0
DA:342,0
DA:343,0
DA:347,0
DA:348,0
DA:349,0
DA:353,1
DA:354,1
DA:355,1
DA:356,1
LF:133
LH:91
BRDA:23,0,0,0
BRDA:23,0,1,0
BRDA:35,1,0,0
BRDA:35,1,1,0
BRDA:72,2,0,0
BRDA:72,2,1,0
BRDA:91,3,0,3
BRDA:91,3,1,6
BRDA:107,4,0,0
BRDA:107,4,1,9
BRDA:116,5,0,3
BRDA:116,5,1,0
BRDA:118,6,0,3
BRDA:118,6,1,0
BRDA:128,7,0,0
BRDA:128,7,1,12
BRDA:128,8,0,12
BRDA:128,8,1,12
BRDA:160,9,0,1
BRDA:160,9,1,6
BRDA:172,10,0,5
BRDA:172,10,1,1
BRDA:224,11,0,5
BRDA:224,11,1,2
BRDA:231,12,0,1
BRDA:231,12,1,4
BRDA:285,13,0,4
BRDA:285,13,1,1
BRDA:291,14,0,1
BRDA:291,14,1,3
BRDA:306,15,0,3
BRDA:306,15,1,0
BRDA:347,16,0,0
BRDA:347,16,1,0
BRF:34
BRH:21
end_of_record
TN:
SF:src\routes\orders.js
FN:8,generateCommitment
FN:13,generateZkProof
FN:17,generateTxHash
FN:22,(anonymous_3)
FN:121,(anonymous_4)
FN:144,(anonymous_5)
FN:158,(anonymous_6)
FN:159,(anonymous_7)
FN:160,(anonymous_8)
FN:170,(anonymous_9)
FN:237,(anonymous_10)
FNF:11
FNH:0
FNDA:0,generateCommitment
FNDA:0,generateZkProof
FNDA:0,generateTxHash
FNDA:0,(anonymous_3)
FNDA:0,(anonymous_4)
FNDA:0,(anonymous_5)
FNDA:0,(anonymous_6)
FNDA:0,(anonymous_7)
FNDA:0,(anonymous_8)
FNDA:0,(anonymous_9)
FNDA:0,(anonymous_10)
DA:1,0
DA:2,0
DA:3,0
DA:4,0
DA:5,0
DA:6,0
DA:9,0
DA:10,0
DA:14,0
DA:18,0
DA:22,0
DA:23,0
DA:24,0
DA:26,0
DA:27,0
DA:33,0
DA:34,0
DA:35,0
DA:41,0
DA:42,0
DA:44,0
DA:45,0
DA:47,0
DA:48,0
DA:51,0
DA:60,0
DA:61,0
DA:62,0
DA:64,0
DA:77,0
DA:83,0
DA:91,0
DA:115,0
DA:116,0
DA:121,0
DA:122,0
DA:123,0
DA:124,0
DA:128,0
DA:129,0
DA:137,0
DA:142,0
DA:144,0
DA:158,0
DA:159,0
DA:160,0
DA:164,0
DA:165,0
DA:170,0
DA:171,0
DA:172,0
DA:174,0
DA:178,0
DA:179,0
DA:185,0
DA:186,0
DA:192,0
DA:193,0
DA:199,0
DA:209,0
DA:231,0
DA:232,0
DA:237,0
DA:238,0
DA:239,0
DA:241,0
DA:242,0
DA:243,0
DA:246,0
DA:247,0
DA:251,0
DA:255,0
DA:256,0
DA:265,0
DA:266,0
DA:267,0
DA:268,0
DA:273,0
DA:283,0
DA:290,0
DA:299,0
DA:300,0
DA:304,0
LF:83
LH:0
BRDA:26,0,0,0
BRDA:26,0,1,0
BRDA:26,1,0,0
BRDA:26,1,1,0
BRDA:26,1,2,0
BRDA:26,1,3,0
BRDA:34,2,0,0
BRDA:34,2,1,0
BRDA:44,3,0,0
BRDA:44,3,1,0
BRDA:44,4,0,0
BRDA:44,4,1,0
BRDA:47,5,0,0
BRDA:47,5,1,0
BRDA:47,6,0,0
BRDA:47,6,1,0
BRDA:61,7,0,0
BRDA:61,7,1,0
BRDA:128,8,0,0
BRDA:128,8,1,0
BRDA:178,9,0,0
BRDA:178,9,1,0
BRDA:185,10,0,0
BRDA:185,10,1,0
BRDA:242,11,0,0
BRDA:242,11,1,0
BRDA:246,12,0,0
BRDA:246,12,1,0
BRDA:255,13,0,0
BRDA:255,13,1,0
BRF:30
BRH:0
end_of_record
TN:
SF:src\routes\portfolio.js
FN:16,seedDemoPositions
FN:42,calculatePnL
FN:54,(anonymous_2)
FN:69,(anonymous_3)
FN:78,(anonymous_4)
FN:79,(anonymous_5)
FN:79,(anonymous_6)
FN:86,(anonymous_7)
FN:110,(anonymous_8)
FN:181,(anonymous_9)
FN:182,(anonymous_10)
FN:182,(anonymous_11)
FN:183,(anonymous_12)
FN:183,(anonymous_13)
FN:208,(anonymous_14)
FN:216,(anonymous_15)
FN:228,(anonymous_16)
FN:302,(anonymous_17)
FN:342,(anonymous_18)
FNF:19
FNH:0
FNDA:0,seedDemoPositions
FNDA:0,calculatePnL
FNDA:0,(anonymous_2)
FNDA:0,(anonymous_3)
FNDA:0,(anonymous_4)
FNDA:0,(anonymous_5)
FNDA:0,(anonymous_6)
FNDA:0,(anonymous_7)
FNDA:0,(anonymous_8)
FNDA:0,(anonymous_9)
FNDA:0,(anonymous_10)
FNDA:0,(anonymous_11)
FNDA:0,(anonymous_12)
FNDA:0,(anonymous_13)
FNDA:0,(anonymous_14)
FNDA:0,(anonymous_15)
FNDA:0,(anonymous_16)
FNDA:0,(anonymous_17)
FNDA:0,(anonymous_18)
DA:1,0
DA:2,0
DA:3,0
DA:4,0
DA:5,0
DA:7,0
DA:17,0
DA:18,0
DA:20,0
DA:21,0
DA:22,0
DA:24,0
DA:43,0
DA:44,0
DA:45,0
DA:46,0
DA:47,0
DA:54,0
DA:55,0
DA:56,0
DA:58,0
DA:59,0
DA:67,0
DA:68,0
DA:69,0
DA:70,0
DA:71,0
DA:78,0
DA:79,0
DA:81,0
DA:86,0
DA:87,0
DA:88,0
DA:89,0
DA:105,0
DA:110,0
DA:111,0
DA:112,0
DA:113,0
DA:122,0
DA:124,0
DA:129,0
DA:133,0
DA:137,0
DA:141,0
DA:142,0
DA:143,0
DA:144,0
DA:146,0
DA:147,0
DA:148,0
DA:149,0
DA:150,0
DA:151,0
DA:153,0
DA:171,0
DA:172,0
DA:174,0
DA:175,0
DA:177,0
DA:181,0
DA:182,0
DA:183,0
DA:185,0
DA:208,0
DA:216,0
DA:222,0
DA:223,0
DA:228,0
DA:229,0
DA:230,0
DA:232,0
DA:233,0
DA:238,0
DA:239,0
DA:245,0
DA:249,0
DA:250,0
DA:256,0
DA:257,0
DA:259,0
DA:260,0
DA:261,0
DA:262,0
DA:263,0
DA:264,0
DA:265,0
DA:267,0
DA:279,0
DA:280,0
DA:282,0
DA:296,0
DA:297,0
DA:302,0
DA:303,0
DA:304,0
DA:306,0
DA:307,0
DA:313,0
DA:322,0
DA:326,0
DA:327,0
DA:333,0
DA:334,0
DA:335,0
DA:336,0
DA:337,0
DA:340,0
DA:341,0
DA:342,0
DA:344,0
DA:354,0
DA:362,0
DA:379,0
DA:380,0
DA:384,0
LF:116
LH:0
BRDA:18,0,0,0
BRDA:18,0,1,0
BRDA:44,1,0,0
BRDA:44,1,1,0
BRDA:55,2,0,0
BRDA:55,2,1,0
BRDA:70,3,0,0
BRDA:70,3,1,0
BRDA:70,4,0,0
BRDA:70,4,1,0
BRDA:88,5,0,0
BRDA:88,5,1,0
BRDA:150,6,0,0
BRDA:150,6,1,0
BRDA:150,7,0,0
BRDA:150,7,1,0
BRDA:174,8,0,0
BRDA:174,8,1,0
BRDA:193,9,0,0
BRDA:193,9,1,0
BRDA:232,10,0,0
BRDA:232,10,1,0
BRDA:232,11,0,0
BRDA:232,11,1,0
BRDA:232,11,2,0
BRDA:238,12,0,0
BRDA:238,12,1,0
BRDA:249,13,0,0
BRDA:249,13,1,0
BRDA:306,14,0,0
BRDA:306,14,1,0
BRDA:306,15,0,0
BRDA:306,15,1,0
BRDA:306,15,2,0
BRDA:326,16,0,0
BRDA:326,16,1,0
BRF:36
BRH:0
end_of_record
TN:
SF:src\routes\rewards.js
FN:7,(anonymous_0)
FN:32,(anonymous_1)
FN:33,(anonymous_2)
FN:55,(anonymous_3)
FN:72,(anonymous_4)
FN:97,(anonymous_5)
FNF:6
FNH:0
FNDA:0,(anonymous_0)
FNDA:0,(anonymous_1)
FNDA:0,(anonymous_2)
FNDA:0,(anonymous_3)
FNDA:0,(anonymous_4)
FNDA:0,(anonymous_5)
DA:1,0
DA:2,0
DA:3,0
DA:4,0
DA:7,0
DA:8,0
DA:9,0
DA:10,0
DA:14,0
DA:15,0
DA:26,0
DA:32,0
DA:33,0
DA:35,0
DA:36,0
DA:37,0
DA:38,0
DA:39,0
DA:41,0
DA:42,0
DA:43,0
DA:46,0
DA:55,0
DA:66,0
DA:67,0
DA:72,0
DA:73,0
DA:74,0
DA:91,0
DA:92,0
DA:97,0
DA:98,0
DA:99,0
DA:101,0
DA:102,0
DA:108,0
DA:109,0
DA:110,0
DA:116,0
DA:125,0
DA:134,0
DA:145,0
DA:146,0
DA:150,0
LF:44
LH:0
BRDA:14,0,0,0
BRDA:14,0,1,0
BRDA:38,1,0,0
BRDA:38,1,1,0
BRDA:101,2,0,0
BRDA:101,2,1,0
BRDA:101,3,0,0
BRDA:101,3,1,0
BRDA:109,4,0,0
BRDA:109,4,1,0
BRDA:109,5,0,0
BRDA:109,5,1,0
BRDA:129,6,0,0
BRDA:129,6,1,0
BRDA:130,7,0,0
BRDA:130,7,1,0
BRDA:131,8,0,0
BRDA:131,8,1,0
BRDA:139,9,0,0
BRDA:139,9,1,0
BRDA:140,10,0,0
BRDA:140,10,1,0
BRF:22
BRH:0
end_of_record
TN:
SF:src\routes\risk.js
FN:6,calculateRiskScore
FN:52,(anonymous_1)
FN:114,(anonymous_2)
FN:187,(anonymous_3)
FN:276,(anonymous_4)
FNF:5
FNH:0
FNDA:0,calculateRiskScore
FNDA:0,(anonymous_1)
FNDA:0,(anonymous_2)
FNDA:0,(anonymous_3)
FNDA:0,(anonymous_4)
DA:1,0
DA:2,0
DA:3,0
DA:4,0
DA:7,0
DA:8,0
DA:11,0
DA:12,0
DA:13,0
DA:15,0
DA:16,0
DA:17,0
DA:18,0
DA:19,0
DA:22,0
DA:23,0
DA:25,0
DA:26,0
DA:29,0
DA:31,0
DA:32,0
DA:34,0
DA:35,0
DA:37,0
DA:39,0
DA:52,0
DA:53,0
DA:54,0
DA:55,0
DA:64,0
DA:68,0
DA:70,0
DA:80,0
DA:81,0
DA:82,0
DA:83,0
DA:85,0
DA:108,0
DA:109,0
DA:114,0
DA:115,0
DA:116,0
DA:118,0
DA:119,0
DA:125,0
DA:126,0
DA:127,0
DA:133,0
DA:142,0
DA:146,0
DA:147,0
DA:148,0
DA:149,0
DA:155,0
DA:158,0
DA:160,0
DA:170,0
DA:181,0
DA:182,0
DA:187,0
DA:188,0
DA:189,0
DA:191,0
DA:192,0
DA:198,0
DA:202,0
DA:203,0
DA:209,0
DA:213,0
DA:214,0
DA:223,0
DA:224,0
DA:225,0
DA:227,0
DA:228,0
DA:229,0
DA:230,0
DA:231,0
DA:232,0
DA:233,0
DA:234,0
DA:236,0
DA:238,0
DA:247,0
DA:257,0
DA:270,0
DA:271,0
DA:276,0
DA:277,0
DA:278,0
DA:280,0
DA:281,0
DA:287,0
DA:288,0
DA:290,0
DA:294,0
DA:295,0
DA:301,0
DA:302,0
DA:303,0
DA:306,0
DA:308,0
DA:309,0
DA:315,0
DA:316,0
DA:318,0
DA:319,0
DA:320,0
DA:321,0
DA:323,0
DA:324,0
DA:326,0
DA:332,0
DA:334,0
DA:347,0
DA:350,0
DA:352,0
DA:364,0
DA:365,0
DA:369,0
LF:120
LH:0
BRDA:7,0,0,0
BRDA:7,0,1,0
BRDA:7,1,0,0
BRDA:7,1,1,0
BRDA:19,2,0,0
BRDA:19,2,1,0
BRDA:22,3,0,0
BRDA:22,3,1,0
BRDA:26,4,0,0
BRDA:26,4,1,0
BRDA:81,5,0,0
BRDA:81,5,1,0
BRDA:82,6,0,0
BRDA:82,6,1,0
BRDA:83,7,0,0
BRDA:83,7,1,0
BRDA:95,8,0,0
BRDA:95,8,1,0
BRDA:96,9,0,0
BRDA:96,9,1,0
BRDA:97,10,0,0
BRDA:97,10,1,0
BRDA:118,11,0,0
BRDA:118,11,1,0
BRDA:118,12,0,0
BRDA:118,12,1,0
BRDA:126,13,0,0
BRDA:126,13,1,0
BRDA:126,14,0,0
BRDA:126,14,1,0
BRDA:191,15,0,0
BRDA:191,15,1,0
BRDA:202,16,0,0
BRDA:202,16,1,0
BRDA:213,17,0,0
BRDA:213,17,1,0
BRDA:280,18,0,0
BRDA:280,18,1,0
BRDA:287,19,0,0
BRDA:287,19,1,0
BRDA:288,20,0,0
BRDA:288,20,1,0
BRDA:294,21,0,0
BRDA:294,21,1,0
BRDA:302,22,0,0
BRDA:302,22,1,0
BRDA:308,23,0,0
BRDA:308,23,1,0
BRDA:324,24,0,0
BRDA:324,24,1,0
BRDA:328,25,0,0
BRDA:328,25,1,0
BRDA:329,26,0,0
BRDA:329,26,1,0
BRDA:329,26,2,0
BRDA:341,27,0,0
BRDA:341,27,1,0
BRDA:341,27,2,0
BRDA:355,28,0,0
BRDA:355,28,1,0
BRF:60
BRH:0
end_of_record
TN:
SF:src\routes\security.js
FN:40,getAIResponse
FN:63,(anonymous_1)
FN:93,(anonymous_2)
FN:114,(anonymous_3)
FN:138,(anonymous_4)
FN:159,(anonymous_5)
FNF:6
FNH:0
FNDA:0,getAIResponse
FNDA:0,(anonymous_1)
FNDA:0,(anonymous_2)
FNDA:0,(anonymous_3)
FNDA:0,(anonymous_4)
FNDA:0,(anonymous_5)
DA:1,0
DA:2,0
DA:3,0
DA:4,0
DA:5,0
DA:7,0
DA:41,0
DA:43,0
DA:44,0
DA:46,0
DA:47,0
DA:49,0
DA:50,0
DA:52,0
DA:53,0
DA:55,0
DA:56,0
DA:59,0
DA:63,0
DA:64,0
DA:65,0
DA:67,0
DA:68,0
DA:74,0
DA:76,0
DA:87,0
DA:88,0
DA:93,0
DA:94,0
DA:95,0
DA:97,0
DA:98,0
DA:99,0
DA:102,0
DA:103,0
DA:105,0
DA:112,0
DA:114,0
DA:132,0
DA:133,0
DA:138,0
DA:139,0
DA:140,0
DA:142,0
DA:151,0
DA:152,0
DA:153,0
DA:154,0
DA:155,0
DA:159,0
DA:160,0
DA:161,0
DA:162,0
DA:173,0
DA:179,0
DA:180,0
DA:184,0
LF:57
LH:0
BRDA:41,0,0,0
BRDA:41,0,1,0
BRDA:43,1,0,0
BRDA:43,1,1,0
BRDA:43,2,0,0
BRDA:43,2,1,0
BRDA:43,2,2,0
BRDA:43,2,3,0
BRDA:46,3,0,0
BRDA:46,3,1,0
BRDA:46,4,0,0
BRDA:46,4,1,0
BRDA:46,4,2,0
BRDA:46,4,3,0
BRDA:46,4,4,0
BRDA:49,5,0,0
BRDA:49,5,1,0
BRDA:49,6,0,0
BRDA:49,6,1,0
BRDA:49,6,2,0
BRDA:49,6,3,0
BRDA:52,7,0,0
BRDA:52,7,1,0
BRDA:52,8,0,0
BRDA:52,8,1,0
BRDA:52,8,2,0
BRDA:52,8,3,0
BRDA:52,8,4,0
BRDA:55,9,0,0
BRDA:55,9,1,0
BRDA:55,10,0,0
BRDA:55,10,1,0
BRDA:55,10,2,0
BRDA:55,10,3,0
BRDA:55,10,4,0
BRDA:67,11,0,0
BRDA:67,11,1,0
BRDA:98,12,0,0
BRDA:98,12,1,0
BRDA:102,13,0,0
BRDA:102,13,1,0
BRDA:103,14,0,0
BRDA:103,14,1,0
BRDA:119,15,0,0
BRDA:119,15,1,0
BRDA:154,16,0,0
BRDA:154,16,1,0
BRDA:154,17,0,0
BRDA:154,17,1,0
BRF:49
BRH:0
end_of_record
TN:
SF:src\routes\swap.js
FN:28,getOrFindUser
FN:39,calculateSwapRate
FN:46,getBestSource
FN:51,generateTxHash
FN:52,(anonymous_4)
FN:56,(anonymous_5)
FN:105,(anonymous_6)
FN:169,(anonymous_7)
FN:267,(anonymous_8)
FN:291,(anonymous_9)
FNF:10
FNH:5
FNDA:0,getOrFindUser
FNDA:9,calculateSwapRate
FNDA:8,getBestSource
FNDA:0,generateTxHash
FNDA:0,(anonymous_4)
FNDA:0,(anonymous_5)
FNDA:15,(anonymous_6)
FNDA:0,(anonymous_7)
FNDA:4,(anonymous_8)
FNDA:2,(anonymous_9)
DA:1,2
DA:2,2
DA:3,2
DA:4,2
DA:5,2
DA:7,2
DA:22,2
DA:29,0
DA:40,9
DA:41,9
DA:42,9
DA:43,9
DA:47,8
DA:48,8
DA:52,0
DA:56,2
DA:57,0
DA:58,0
DA:59,0
DA:60,0
DA:61,0
DA:63,0
DA:64,0
DA:67,0
DA:68,0
DA:70,0
DA:71,0
DA:72,0
DA:73,0
DA:74,0
DA:75,0
DA:77,0
DA:82,0
DA:87,0
DA:89,0
DA:99,0
DA:100,0
DA:105,2
DA:106,15
DA:107,15
DA:109,15
DA:110,4
DA:116,11
DA:117,11
DA:119,11
DA:120,1
DA:125,10
DA:126,1
DA:132,9
DA:133,9
DA:134,9
DA:135,1
DA:141,8
DA:142,8
DA:143,8
DA:144,8
DA:146,8
DA:163,0
DA:164,0
DA:169,2
DA:170,0
DA:171,0
DA:173,0
DA:174,0
DA:180,0
DA:181,0
DA:182,0
DA:184,0
DA:185,0
DA:191,0
DA:192,0
DA:198,0
DA:199,0
DA:200,0
DA:201,0
DA:202,0
DA:203,0
DA:204,0
DA:206,0
DA:218,0
DA:219,0
DA:221,0
DA:230,0
DA:238,0
DA:261,0
DA:262,0
DA:267,2
DA:268,4
DA:269,4
DA:270,4
DA:274,3
DA:275,1
DA:283,2
DA:289,2
DA:291,2
DA:305,1
DA:306,1
DA:310,2
LF:98
LH:47
BRDA:42,0,0,0
BRDA:42,0,1,9
BRDA:42,1,0,9
BRDA:42,1,1,9
BRDA:59,2,0,0
BRDA:59,2,1,0
BRDA:60,3,0,0
BRDA:60,3,1,0
BRDA:61,4,0,0
BRDA:61,4,1,0
BRDA:63,5,0,0
BRDA:63,5,1,0
BRDA:63,6,0,0
BRDA:63,6,1,0
BRDA:63,6,2,0
BRDA:67,7,0,0
BRDA:67,7,1,0
BRDA:67,7,2,0
BRDA:70,8,0,0
BRDA:70,8,1,0
BRDA:72,9,0,0
BRDA:72,9,1,0
BRDA:75,10,0,0
BRDA:75,10,1,0
BRDA:79,11,0,0
BRDA:79,11,1,0
BRDA:109,12,0,4
BRDA:109,12,1,11
BRDA:109,13,0,15
BRDA:109,13,1,14
BRDA:109,13,2,13
BRDA:119,14,0,1
BRDA:119,14,1,10
BRDA:125,15,0,1
BRDA:125,15,1,9
BRDA:134,16,0,1
BRDA:134,16,1,8
BRDA:134,17,0,9
BRDA:134,17,1,9
BRDA:144,18,0,1
BRDA:144,18,1,7
BRDA:173,19,0,0
BRDA:173,19,1,0
BRDA:173,20,0,0
BRDA:173,20,1,0
BRDA:173,20,2,0
BRDA:173,20,3,0
BRDA:184,21,0,0
BRDA:184,21,1,0
BRDA:184,22,0,0
BRDA:184,22,1,0
BRDA:191,23,0,0
BRDA:191,23,1,0
BRDA:191,24,0,0
BRDA:191,24,1,0
BRDA:204,25,0,0
BRDA:204,25,1,0
BRDA:274,26,0,1
BRDA:274,26,1,2
BRF:59
BRH:20
end_of_record
